<?xml version="1.0" encoding="UTF-8"?>
<testsuite xmlns:xsi="http://www.w3.org/2001/XMLSchema-instance" xsi:noNamespaceSchemaLocation="https://maven.apache.org/surefire/maven-surefire-plugin/xsd/surefire-test-report.xsd" name="MathUtilsTest" time="0.243" tests="10" errors="1" skipped="2" failures="2">
  <properties>
[...]
</properties>
  <testcase name="testAdd" classname="MathUtilsTest" time="0.031"/>
  <testcase name="testSubtract" classname="MathUtilsTest" time="0">
    <skipped message="Assumption failed: assumption is not true" type="org.opentest4j.TestAbortedException">org.opentest4j.TestAbortedException: Assumption failed: assumption is not true
	at MathUtilsTest.testSubtract(MathUtilsTest.java:62)
</skipped>
    <system-out><![CDATA[Initilising---
Cleaning up...
]]></system-out>
  </testcase>
  <testcase name="testComputeCircleArea" classname="MathUtilsTest" time="0">
    <skipped message="void MathUtilsTest.testComputeCircleArea() is @Disabled"/>
  </testcase>
  <testcase name="test{RepetitionInfo}[1]" classname="MathUtilsTest" time="0.008"/>
  <testcase name="test{RepetitionInfo}[2]" classname="MathUtilsTest" time="0.008"/>
  <testcase name="test{RepetitionInfo}[3]" classname="MathUtilsTest" time="0.005"/>
  <testcase name="testDivide" classname="MathUtilsTest" time="0.008">
    <failure message="Not yet implemented" type="org.opentest4j.AssertionFailedError">org.opentest4j.AssertionFailedError: Not yet implemented
	at MathUtilsTest.testDivide(MathUtilsTest.java:74)
</failure>
    <system-out><![CDATA[Initilising---
Cleaning up...
]]></system-out>
  </testcase>
  <testcase name="testMultiply" classname="MathUtilsTest" time="0.005">
    <failure message="Not yet implemented" type="org.opentest4j.AssertionFailedError">org.opentest4j.AssertionFailedError: Not yet implemented
	at MathUtilsTest.testMultiply(MathUtilsTest.java:69)
</failure>
    <system-out><![CDATA[Initilising---
Cleaning up...
]]></system-out>
  </testcase>
  <testcase name="testAddPositive" classname="MathUtilsTest$AddTest" time="0.003"/>
  <testcase name="testAddNegative" classname="MathUtilsTest$AddTest" time="0.003">
    <error message="Unresolved compilation problem: &#10;	Lambda expressions are allowed only at source level 1.8 or above&#10;" type="java.lang.Error">java.lang.Error: 
Unresolved compilation problem: 
	Lambda expressions are allowed only at source level 1.8 or above

	at MathUtilsTest$AddTest.testAddNegative(MathUtilsTest.java:90)
</error>
    <system-out><![CDATA[Initilising---
Cleaning up...
]]></system-out>
  </testcase>
</testsuite>